This file contains any messages produced by compilers while
running configure, to aid debugging if configure makes a mistake.

It was created by correlation configure 1.0, which was
generated by GNU Autoconf 2.71.  Invocation command line was

  $ ./configure --no-create --no-recursion

## --------- ##
## Platform. ##
## --------- ##

hostname = Lenovo-Isur
uname -m = x86_64
uname -r = 3.2.0-340.x86_64
uname -s = MSYS_NT-10.0-19043
uname -v = 2021-07-02 08:36 UTC

/usr/bin/uname -p = unknown
/bin/uname -X     = unknown

/bin/arch              = x86_64
/usr/bin/arch -k       = unknown
/usr/convex/getsysinfo = unknown
/usr/bin/hostinfo      = unknown
/bin/machine           = unknown
/usr/bin/oslevel       = unknown
/bin/universe          = unknown

PATH: /usr/local/bin/
PATH: /usr/bin/
PATH: /bin/
PATH: /opt/bin/
PATH: /c/Windows/System32/
PATH: /c/Windows/
PATH: /c/Windows/System32/Wbem/
PATH: /c/Windows/System32/WindowsPowerShell/v1.0/
PATH: /usr/bin/site_perl/
PATH: /usr/bin/vendor_perl/
PATH: /usr/bin/core_perl/


## ----------- ##
## Core tests. ##
## ----------- ##

configure:1746: loading site script /etc/config.site
| # This file is in public domain.
| # Original author: Karlson2k (Evgeny Grin)
| # Written for MSys2 to help running 'configure' scripts
| 
| # Defaults for MSys2/MinGW64-targeted programs
| 
| # Set proper selfname on bash and fallback to default name on other shells
| test -n "${BASH_SOURCE}" 2>/dev/null && config_site_me="${BASH_SOURCE[0]##*/}" || config_site_me=config.site
| 
| # Set default 'host' to speedup configure
| if test -z "$build_alias"; then
|   build_alias="${MSYSTEM_CHOST}"  && \
|     ${as_echo-echo} "$config_site_me:${as_lineno-$LINENO}: default build_alias set to $build_alias" >&5
| fi
| 
| # Set default 'prefix'
| if ( test -z "$prefix" || test "x$prefix" = "xNONE" ) && \
|     ( test -z "$exec_prefix" || test "x$exec_prefix" = "xNONE" ); then
|   prefix="${MSYSTEM_PREFIX}" && \
|     ${as_echo-echo} "$config_site_me:${as_lineno-$LINENO}: default prefix set to $prefix" >&5
| ficonfig.site:13: default build_alias set to x86_64-pc-msys
config.site:20: default prefix set to /usr
configure:2004: looking for aux files: missing install-sh
configure:2017:  trying ./
configure:2046:   ./missing found
configure:2028:   ./install-sh found
configure:2177: checking for a BSD-compatible install
configure:2250: result: /usr/bin/install -c
configure:2261: checking whether build environment is sane
configure:2316: result: yes
configure:2475: checking for a race-free mkdir -p
configure:2519: result: /usr/bin/mkdir -p
configure:2526: checking for gawk
configure:2547: found /usr/bin/gawk
configure:2558: result: gawk
configure:2569: checking whether make sets $(MAKE)
configure:2592: result: yes
configure:2622: checking whether make supports nested variables
configure:2640: result: yes
configure:2839: checking for g++
configure:2860: found /usr/bin/g++
configure:2871: result: g++
configure:2898: checking for C++ compiler version
configure:2907: g++ --version >&5
g++ (GCC) 10.2.0
Copyright (C) 2020 Free Software Foundation, Inc.
This is free software; see the source for copying conditions.  There is NO
warranty; not even for MERCHANTABILITY or FITNESS FOR A PARTICULAR PURPOSE.

configure:2918: $? = 0
configure:2907: g++ -v >&5
Using built-in specs.
COLLECT_GCC=g++
COLLECT_LTO_WRAPPER=/usr/lib/gcc/x86_64-pc-msys/10.2.0/lto-wrapper.exe
Target: x86_64-pc-msys
Configured with: /c/_/S/gcc/src/gcc-10.2.0/configure --build=x86_64-pc-msys --prefix=/usr --libexecdir=/usr/lib --enable-bootstrap --enable-shared --enable-shared-libgcc --enable-static --enable-version-specific-runtime-libs --with-arch=x86-64 --with-tune=generic --disable-multilib --enable-__cxa_atexit --with-dwarf2 --enable-languages=c,c++,fortran,lto --enable-graphite --enable-threads=posix --enable-libatomic --enable-libgomp --disable-libitm --enable-libquadmath --enable-libquadmath-support --disable-libssp --disable-win32-registry --disable-symvers --with-gnu-ld --with-gnu-as --disable-isl-version-check --enable-checking=release --without-libiconv-prefix --without-libintl-prefix --with-system-zlib --enable-linker-build-id --with-default-libstdcxx-abi=gcc4-compatible --enable-libstdcxx-filesystem-ts
Thread model: posix
Supported LTO compression algorithms: zlib
gcc version 10.2.0 (GCC) 
configure:2918: $? = 0
configure:2907: g++ -V >&5
g++: error: unrecognized command-line option '-V'
g++: fatal error: no input files
compilation terminated.
configure:2918: $? = 1
configure:2907: g++ -qversion >&5
g++: error: unrecognized command-line option '-qversion'; did you mean '--version'?
g++: fatal error: no input files
compilation terminated.
configure:2918: $? = 1
configure:2938: checking whether the C++ compiler works
configure:2960: g++    conftest.cpp  >&5
configure:2964: $? = 0
configure:3014: result: yes
configure:3017: checking for C++ compiler default output file name
configure:3019: result: a.exe
configure:3025: checking for suffix of executables
configure:3032: g++ -o conftest.exe    conftest.cpp  >&5
configure:3036: $? = 0
configure:3059: result: .exe
configure:3081: checking whether we are cross compiling
configure:3089: g++ -o conftest.exe    conftest.cpp  >&5
configure:3093: $? = 0
configure:3100: ./conftest.exe
configure:3104: $? = 0
configure:3119: result: no
configure:3124: checking for suffix of object files
configure:3147: g++ -c   conftest.cpp >&5
configure:3151: $? = 0
configure:3173: result: o
configure:3177: checking whether the compiler supports GNU C++
configure:3197: g++ -c   conftest.cpp >&5
configure:3197: $? = 0
configure:3207: result: yes
configure:3218: checking whether g++ accepts -g
configure:3239: g++ -c -g  conftest.cpp >&5
configure:3239: $? = 0
configure:3283: result: yes
configure:3303: checking for g++ option to enable C++11 features
configure:3318: g++  -c -g -O2  conftest.cpp >&5
configure:3318: $? = 0
configure:3336: result: none needed
configure:3403: checking whether make supports the include directive
configure:3418: make -f confmf.GNU && cat confinc.out
make[1]: Entering directory '/c/Users/Isurwars/github/Correlation'
make[1]: Leaving directory '/c/Users/Isurwars/github/Correlation'
this is the am__doit target
configure:3421: $? = 0
configure:3440: result: yes (GNU style)
configure:3466: checking dependency style of g++
configure:3578: result: gcc3
configure:3733: checking that generated files are newer than configure
configure:3739: result: done
configure:3762: creating ./config.status

## ---------------- ##
## Cache variables. ##
## ---------------- ##

ac_cv_cxx_compiler_gnu=yes
ac_cv_env_CCC_set=
ac_cv_env_CCC_value=
ac_cv_env_CPPFLAGS_set=
ac_cv_env_CPPFLAGS_value=
ac_cv_env_CXXFLAGS_set=
ac_cv_env_CXXFLAGS_value=
ac_cv_env_CXX_set=
ac_cv_env_CXX_value=
ac_cv_env_LDFLAGS_set=
ac_cv_env_LDFLAGS_value=
ac_cv_env_LIBS_set=
ac_cv_env_LIBS_value=
ac_cv_env_build_alias_set=
ac_cv_env_build_alias_value=
ac_cv_env_host_alias_set=
ac_cv_env_host_alias_value=
ac_cv_env_target_alias_set=
ac_cv_env_target_alias_value=
ac_cv_exeext=.exe
ac_cv_objext=o
ac_cv_path_install='/usr/bin/install -c'
ac_cv_path_mkdir=/usr/bin/mkdir
ac_cv_prog_AWK=gawk
ac_cv_prog_ac_ct_CXX=g++
ac_cv_prog_cxx_11=no
ac_cv_prog_cxx_cxx11=
ac_cv_prog_cxx_g=yes
ac_cv_prog_cxx_stdcxx=
ac_cv_prog_make_make_set=yes
am_cv_CXX_dependencies_compiler_type=gcc3
am_cv_make_support_nested_variables=yes

## ----------------- ##
## Output variables. ##
## ----------------- ##

ACLOCAL='${SHELL} '\''/c/Users/Isurwars/github/Correlation/missing'\'' aclocal-1.16'
AMDEPBACKSLASH='\'
AMDEP_FALSE='#'
AMDEP_TRUE=''
AMTAR='$${TAR-tar}'
AM_BACKSLASH='\'
AM_DEFAULT_V='$(AM_DEFAULT_VERBOSITY)'
AM_DEFAULT_VERBOSITY='1'
AM_V='$(V)'
AUTOCONF='${SHELL} '\''/c/Users/Isurwars/github/Correlation/missing'\'' autoconf'
AUTOHEADER='${SHELL} '\''/c/Users/Isurwars/github/Correlation/missing'\'' autoheader'
AUTOMAKE='${SHELL} '\''/c/Users/Isurwars/github/Correlation/missing'\'' automake-1.16'
AWK='gawk'
CPPFLAGS=''
CXX='g++'
CXXDEPMODE='depmode=gcc3'
CXXFLAGS='-g -O2'
CYGPATH_W='cygpath -w'
DEFS='-DPACKAGE_NAME=\"correlation\" -DPACKAGE_TARNAME=\"correlation\" -DPACKAGE_VERSION=\"1.0\" -DPACKAGE_STRING=\"correlation\ 1.0\" -DPACKAGE_BUGREPORT=\"isurwars@gmail.com\" -DPACKAGE_URL=\"\" -DPACKAGE=\"correlation\" -DVERSION=\"1.0\"'
DEPDIR='.deps'
ECHO_C=''
ECHO_N='-n'
ECHO_T=''
EXEEXT='.exe'
INSTALL_DATA='${INSTALL} -m 644'
INSTALL_PROGRAM='${INSTALL}'
INSTALL_SCRIPT='${INSTALL}'
INSTALL_STRIP_PROGRAM='$(install_sh) -c -s'
LDFLAGS=''
LIBOBJS=''
LIBS=''
LTLIBOBJS=''
MAKEINFO='${SHELL} '\''/c/Users/Isurwars/github/Correlation/missing'\'' makeinfo'
MKDIR_P='/usr/bin/mkdir -p'
OBJEXT='o'
PACKAGE='correlation'
PACKAGE_BUGREPORT='isurwars@gmail.com'
PACKAGE_NAME='correlation'
PACKAGE_STRING='correlation 1.0'
PACKAGE_TARNAME='correlation'
PACKAGE_URL=''
PACKAGE_VERSION='1.0'
PATH_SEPARATOR=':'
SET_MAKE=''
SHELL='/bin/sh'
STRIP=''
VERSION='1.0'
ac_ct_CXX='g++'
am__EXEEXT_FALSE='#'
am__EXEEXT_TRUE=''
am__fastdepCXX_FALSE='#'
am__fastdepCXX_TRUE=''
am__include='include'
am__isrc=''
am__leading_dot='.'
am__nodep='_no'
am__quote=''
am__tar='$${TAR-tar} chof - "$$tardir"'
am__untar='$${TAR-tar} xf -'
bindir='${exec_prefix}/bin'
build_alias='x86_64-pc-msys'
datadir='${datarootdir}'
datarootdir='${prefix}/share'
docdir='${datarootdir}/doc/${PACKAGE_TARNAME}'
dvidir='${docdir}'
exec_prefix='${prefix}'
host_alias=''
htmldir='${docdir}'
includedir='${prefix}/include'
infodir='${datarootdir}/info'
install_sh='${SHELL} /c/Users/Isurwars/github/Correlation/install-sh'
libdir='${exec_prefix}/lib'
libexecdir='${exec_prefix}/libexec'
localedir='${datarootdir}/locale'
localstatedir='${prefix}/var'
mandir='${datarootdir}/man'
mkdir_p='$(MKDIR_P)'
oldincludedir='/usr/include'
pdfdir='${docdir}'
prefix='/usr'
program_transform_name='s,x,x,'
psdir='${docdir}'
runstatedir='${localstatedir}/run'
sbindir='${exec_prefix}/sbin'
sharedstatedir='${prefix}/com'
sysconfdir='${prefix}/etc'
target_alias=''

## ----------- ##
## confdefs.h. ##
## ----------- ##

/* confdefs.h */
#define PACKAGE_NAME "correlation"
#define PACKAGE_TARNAME "correlation"
#define PACKAGE_VERSION "1.0"
#define PACKAGE_STRING "correlation 1.0"
#define PACKAGE_BUGREPORT "isurwars@gmail.com"
#define PACKAGE_URL ""
#define PACKAGE "correlation"
#define VERSION "1.0"

configure: exit 0

## ---------------------- ##
## Running config.status. ##
## ---------------------- ##

This file was extended by correlation config.status 1.0, which was
generated by GNU Autoconf 2.71.  Invocation command line was

  CONFIG_FILES    = 
  CONFIG_HEADERS  = 
  CONFIG_LINKS    = 
  CONFIG_COMMANDS = 
  $ ./config.status 

on Lenovo-Isur

config.status:768: creating Makefile
config.status:768: creating src/Makefile
config.status:940: executing depfiles commands
config.status:1017: cd src       && sed -e '/# am--include-marker/d' Makefile         | make -f - am--depfiles
make[1]: Entering directory '/c/Users/Isurwars/github/Correlation/src'
make[1]: Nothing to be done for 'am--depfiles'.
make[1]: Leaving directory '/c/Users/Isurwars/github/Correlation/src'
config.status:1022: $? = 0
